<?xml version="1.0" encoding="UTF-8"?>
<!-- Generated by org.testng.reporters.JUnitReportReporter -->
<testsuite skipped="0" hostname="LNGDAYV-1040192" name="com.qa.tests.HomePageTest" tests="1" failures="0" timestamp="31 Aug 2020 16:52:48 GMT" time="10.552" errors="0">
  <testcase name="validateHomePageTitleTest" time="10.552" classname="com.qa.tests.HomePageTest"/>
</testsuite> <!-- com.qa.tests.HomePageTest -->
