<?xml version="1.0" encoding="UTF-8"?>
<!-- Generated by org.testng.reporters.JUnitReportReporter -->
<testsuite skipped="0" hostname="LNGDAYV-1040192" name="com.qa.tests.HomePageTest" tests="1" failures="0" timestamp="07 Sep 2020 06:04:59 GMT" time="8.860" errors="0">
  <testcase name="validateHomePageTitleTest" time="8.860" classname="com.qa.tests.HomePageTest"/>
</testsuite> <!-- com.qa.tests.HomePageTest -->
