<?xml version="1.0" encoding="UTF-8"?>
<!-- Generated by org.testng.reporters.JUnitReportReporter -->
<testsuite skipped="0" hostname="LNGDAYV-1040192" name="com.qa.tests.HomePageTest" tests="1" failures="0" timestamp="06 Sep 2020 17:49:49 GMT" time="10.377" errors="0">
  <testcase name="validateHomePageTitleTest" time="10.377" classname="com.qa.tests.HomePageTest"/>
</testsuite> <!-- com.qa.tests.HomePageTest -->
